==36478== Memcheck, a memory error detector
==36478== Copyright (C) 2002-2017, and GNU GPL'd, by Julian Seward et al.
==36478== Using Valgrind-3.15.0 and LibVEX; rerun with -h for copyright info
==36478== Command: ./bin/53shell
==36478== Parent PID: 314
==36478== 
==36828== 
==36828== HEAP SUMMARY:
==36828==     in use at exit: 201,551 bytes in 236 blocks
==36828==   total heap usage: 528 allocs, 292 frees, 240,247 bytes allocated
==36828== 
==36828== LEAK SUMMARY:
==36828==    definitely lost: 0 bytes in 0 blocks
==36828==    indirectly lost: 0 bytes in 0 blocks
==36828==      possibly lost: 0 bytes in 0 blocks
==36828==    still reachable: 977 bytes in 22 blocks
==36828==         suppressed: 200,574 bytes in 214 blocks
==36828== Reachable blocks (those to which a pointer was found) are not shown.
==36828== To see them, rerun with: --leak-check=full --show-leak-kinds=all
==36828== 
==36828== For lists of detected and suppressed errors, rerun with: -s
==36828== ERROR SUMMARY: 0 errors from 0 contexts (suppressed: 0 from 0)
==36853== 
==36853== HEAP SUMMARY:
==36853==     in use at exit: 201,180 bytes in 232 blocks
==36853==   total heap usage: 543 allocs, 311 frees, 245,443 bytes allocated
==36853== 
==36853== LEAK SUMMARY:
==36853==    definitely lost: 0 bytes in 0 blocks
==36853==    indirectly lost: 0 bytes in 0 blocks
==36853==      possibly lost: 0 bytes in 0 blocks
==36853==    still reachable: 606 bytes in 18 blocks
==36853==         suppressed: 200,574 bytes in 214 blocks
==36853== Reachable blocks (those to which a pointer was found) are not shown.
==36853== To see them, rerun with: --leak-check=full --show-leak-kinds=all
==36853== 
==36853== For lists of detected and suppressed errors, rerun with: -s
==36853== ERROR SUMMARY: 0 errors from 0 contexts (suppressed: 0 from 0)
==36868== 
==36868== HEAP SUMMARY:
==36868==     in use at exit: 201,198 bytes in 234 blocks
==36868==   total heap usage: 558 allocs, 324 frees, 250,639 bytes allocated
==36868== 
==36868== LEAK SUMMARY:
==36868==    definitely lost: 0 bytes in 0 blocks
==36868==    indirectly lost: 0 bytes in 0 blocks
==36868==      possibly lost: 0 bytes in 0 blocks
==36868==    still reachable: 624 bytes in 20 blocks
==36868==         suppressed: 200,574 bytes in 214 blocks
==36868== Reachable blocks (those to which a pointer was found) are not shown.
==36868== To see them, rerun with: --leak-check=full --show-leak-kinds=all
==36868== 
==36868== For lists of detected and suppressed errors, rerun with: -s
==36868== ERROR SUMMARY: 0 errors from 0 contexts (suppressed: 0 from 0)
==36876== 
==36876== HEAP SUMMARY:
==36876==     in use at exit: 201,174 bytes in 234 blocks
==36876==   total heap usage: 573 allocs, 339 frees, 255,835 bytes allocated
==36876== 
==36876== LEAK SUMMARY:
==36876==    definitely lost: 0 bytes in 0 blocks
==36876==    indirectly lost: 0 bytes in 0 blocks
==36876==      possibly lost: 0 bytes in 0 blocks
==36876==    still reachable: 600 bytes in 20 blocks
==36876==         suppressed: 200,574 bytes in 214 blocks
==36876== Reachable blocks (those to which a pointer was found) are not shown.
==36876== To see them, rerun with: --leak-check=full --show-leak-kinds=all
==36876== 
==36876== For lists of detected and suppressed errors, rerun with: -s
==36876== ERROR SUMMARY: 0 errors from 0 contexts (suppressed: 0 from 0)
==36478== 
==36478== HEAP SUMMARY:
==36478==     in use at exit: 200,574 bytes in 214 blocks
==36478==   total heap usage: 588 allocs, 374 frees, 261,040 bytes allocated
==36478== 
==36478== LEAK SUMMARY:
==36478==    definitely lost: 0 bytes in 0 blocks
==36478==    indirectly lost: 0 bytes in 0 blocks
==36478==      possibly lost: 0 bytes in 0 blocks
==36478==    still reachable: 0 bytes in 0 blocks
==36478==         suppressed: 200,574 bytes in 214 blocks
==36478== 
==36478== For lists of detected and suppressed errors, rerun with: -s
==36478== ERROR SUMMARY: 0 errors from 0 contexts (suppressed: 0 from 0)
